  Aabb.cpp
  Application.cpp
  BaseModel.cpp
  BaseShader.cpp
  Camera.cpp
  color.cpp
  ConstantShader.cpp
  IndexBuffer.cpp
  LineBoxModel.cpp
  LinePlaneModel.cpp
  main.cpp
  Matrix.cpp
  Model.cpp
  PhongShader.cpp
  rgbimage.cpp
C:\Users\tim-l\Medieninformatik\Semester4\ComputerGrafik\AB3\cgprakt3\src\rgbimage.cpp(44,11): warning C4244: "return": Konvertierung von "float" in "unsigned char", möglicher Datenverlust
C:\Users\tim-l\Medieninformatik\Semester4\ComputerGrafik\AB3\cgprakt3\src\rgbimage.cpp(69,25): warning C4838: Konvertierung von "unsigned int" zu "int32_t" erfordert eine einschränkende Konvertierung
C:\Users\tim-l\Medieninformatik\Semester4\ComputerGrafik\AB3\cgprakt3\src\rgbimage.cpp(71,26): warning C4838: Konvertierung von "unsigned int" zu "int32_t" erfordert eine einschränkende Konvertierung
C:\Users\tim-l\Medieninformatik\Semester4\ComputerGrafik\AB3\cgprakt3\src\rgbimage.cpp(90,21): warning C4018: "<": Konflikt zwischen "signed" und "unsigned"
  Texture.cpp
  TriangleBoxModel.cpp
  TrianglePlaneModel.cpp
  TriangleSphereModel.cpp
  vector.cpp
  Code wird generiert...
  Kompilieren...
  VertexBuffer.cpp
  Code wird generiert...
LINK : warning LNK4098: Standardbibliothek "MSVCRT" steht in Konflikt mit anderen Bibliotheken; /NODEFAULTLIB:Bibliothek verwenden.
  CGVStudio.vcxproj -> C:\Users\tim-l\Medieninformatik\Semester4\ComputerGrafik\AB3\cgprakt3\CGVStudio\Debug\CGVStudio.exe
