  Aabb.cpp
  Application.cpp
  BaseModel.cpp
  BaseShader.cpp
  Camera.cpp
  color.cpp
  ConstantShader.cpp
  Framebuffer.cpp
  IndexBuffer.cpp
  ShaderLightMapper.cpp
  Lights.cpp
  LineBoxModel.cpp
  LinePlaneModel.cpp
  main.cpp
  Matrix.cpp
  Model.cpp
  PhongShader.cpp
  rgbimage.cpp
C:\Users\tim-l\Documents\Uni\Informatik\Semester4\ComputerGrafik\ab6\cgprakt6\src\rgbimage.cpp(53,20): warning C4018: "<": Konflikt zwischen "signed" und "unsigned"
C:\Users\tim-l\Documents\Uni\Informatik\Semester4\ComputerGrafik\ab6\cgprakt6\src\rgbimage.cpp(54,21): warning C4018: "<": Konflikt zwischen "signed" und "unsigned"
C:\Users\tim-l\Documents\Uni\Informatik\Semester4\ComputerGrafik\ab6\cgprakt6\src\rgbimage.cpp(59,59): warning C4244: "Argument": Konvertierung von "int" in "const float", möglicher Datenverlust
C:\Users\tim-l\Documents\Uni\Informatik\Semester4\ComputerGrafik\ab6\cgprakt6\src\rgbimage.cpp(66,60): warning C4244: "Argument": Konvertierung von "int" in "const float", möglicher Datenverlust
C:\Users\tim-l\Documents\Uni\Informatik\Semester4\ComputerGrafik\ab6\cgprakt6\src\rgbimage.cpp(70,94): warning C4244: "Argument": Konvertierung von "double" in "float", möglicher Datenverlust
C:\Users\tim-l\Documents\Uni\Informatik\Semester4\ComputerGrafik\ab6\cgprakt6\src\rgbimage.cpp(70,59): warning C4244: "Argument": Konvertierung von "double" in "float", möglicher Datenverlust
C:\Users\tim-l\Documents\Uni\Informatik\Semester4\ComputerGrafik\ab6\cgprakt6\src\rgbimage.cpp(70,24): warning C4244: "Argument": Konvertierung von "double" in "float", möglicher Datenverlust
C:\Users\tim-l\Documents\Uni\Informatik\Semester4\ComputerGrafik\ab6\cgprakt6\src\rgbimage.cpp(87,16): warning C4244: "return": Konvertierung von "float" in "unsigned char", möglicher Datenverlust
C:\Users\tim-l\Documents\Uni\Informatik\Semester4\ComputerGrafik\ab6\cgprakt6\src\rgbimage.cpp(136,21): warning C4018: "<": Konflikt zwischen "signed" und "unsigned"
  ShadowMapGenerator.cpp
  Texture.cpp
  Kompilieren...
  TriangleBoxModel.cpp
  TrianglePlaneModel.cpp
  TriangleSphereModel.cpp
  vector.cpp
  VertexBuffer.cpp
  Code wird generiert.
  Previous IPDB not found, fall back to full compilation.
  All 821 functions were compiled because no usable IPDB/IOBJ from previous compilation was found.
  Codegenerierung ist abgeschlossen.
  CGVStudio.vcxproj -> C:\Users\tim-l\Documents\Uni\Informatik\Semester4\ComputerGrafik\ab6\cgprakt6\CGVStudio\Release\CGVStudio.exe
